jrmfwalletlib/build/outputs/logs/manifest-merger-debug-report.txt
-- Merging decision tree log ---
manifest
ADDED from src\main\AndroidManifest.xml:1:1-78:12
INJECTED from src\main\AndroidManifest.xml:1:1-78:12
INJECTED from src\main\AndroidManifest.xml:1:1-78:12
INJECTED from src\main\AndroidManifest.xml:1:1-78:12
INJECTED from src\main\AndroidManifest.xml:1:1-78:12
INJECTED from src\main\AndroidManifest.xml:1:1-78:12
INJECTED from src\main\AndroidManifest.xml:1:1-78:12
	package
		ADDED from src\main\AndroidManifest.xml:2:11-42
		INJECTED from src\main\AndroidManifest.xml
		INJECTED from src\main\AndroidManifest.xml
	android:versionName
		INJECTED from src\main\AndroidManifest.xml
		ADDED from src\main\AndroidManifest.xml:1:1-78:12
		INJECTED from src\main\AndroidManifest.xml
	android:versionCode
		INJECTED from src\main\AndroidManifest.xml
		ADDED from src\main\AndroidManifest.xml:1:1-78:12
		INJECTED from src\main\AndroidManifest.xml
	xmlns:android
		ADDED from src\main\AndroidManifest.xml:1:11-69
uses-permission#android.permission.INTERNET
ADDED from src\main\AndroidManifest.xml:4:5-66
	android:name
		ADDED from src\main\AndroidManifest.xml:4:22-64
uses-permission#android.permission.ACCESS_NETWORK_STATE
ADDED from src\main\AndroidManifest.xml:5:5-78
	android:name
		ADDED from src\main\AndroidManifest.xml:5:22-76
uses-permission#android.permission.ACCESS_WIFI_STATE
ADDED from src\main\AndroidManifest.xml:6:5-75
	android:name
		ADDED from src\main\AndroidManifest.xml:6:22-73
uses-permission#android.permission.WRITE_EXTERNAL_STORAGE
ADDED from src\main\AndroidManifest.xml:8:5-80
	android:name
		ADDED from src\main\AndroidManifest.xml:8:22-78
uses-permission#android.permission.READ_EXTERNAL_STORAGE
ADDED from src\main\AndroidManifest.xml:9:5-79
	android:name
		ADDED from src\main\AndroidManifest.xml:9:22-77
application
ADDED from src\main\AndroidManifest.xml:11:5-76:19
activity#com.jrmf360.walletlib.ui.MyWalletActivity
ADDED from src\main\AndroidManifest.xml:12:9-13:82
	android:configChanges
		ADDED from src\main\AndroidManifest.xml:13:19-80
	android:name
		ADDED from src\main\AndroidManifest.xml:12:19-75
activity#com.jrmf360.walletlib.ui.GetDepositActivity
ADDED from src\main\AndroidManifest.xml:15:9-17:82
	android:windowSoftInputMode
		ADDED from src\main\AndroidManifest.xml:16:19-58
	android:configChanges
		ADDED from src\main\AndroidManifest.xml:17:19-80
	android:name
		ADDED from src\main\AndroidManifest.xml:15:19-77
activity#com.jrmf360.walletlib.ui.GetDepositActivity_fumin
ADDED from src\main\AndroidManifest.xml:19:9-20:82
	android:configChanges
		ADDED from src\main\AndroidManifest.xml:20:19-80
	android:name
		ADDED from src\main\AndroidManifest.xml:19:19-83
activity#com.jrmf360.walletlib.ui.GetDepositActivity_Quick
ADDED from src\main\AndroidManifest.xml:22:9-23:82
	android:configChanges
		ADDED from src\main\AndroidManifest.xml:23:19-80
	android:name
		ADDED from src\main\AndroidManifest.xml:22:19-83
activity#com.jrmf360.walletlib.ui.AccountInfoActivity
ADDED from src\main\AndroidManifest.xml:25:9-26:82
	android:configChanges
		ADDED from src\main\AndroidManifest.xml:26:19-80
	android:name
		ADDED from src\main\AndroidManifest.xml:25:19-78
activity#com.jrmf360.walletlib.ui.TradeHistoryActivity
ADDED from src\main\AndroidManifest.xml:28:9-29:82
	android:configChanges
		ADDED from src\main\AndroidManifest.xml:29:19-80
	android:name
		ADDED from src\main\AndroidManifest.xml:28:19-79
activity#com.jrmf360.walletlib.ui.SecureSettingActivity
ADDED from src\main\AndroidManifest.xml:31:9-32:82
	android:configChanges
		ADDED from src\main\AndroidManifest.xml:32:19-80
	android:name
		ADDED from src\main\AndroidManifest.xml:31:19-80
activity#com.jrmf360.walletlib.ui.SetPayPwdActivity
ADDED from src\main\AndroidManifest.xml:34:9-35:82
	android:configChanges
		ADDED from src\main\AndroidManifest.xml:35:19-80
	android:name
		ADDED from src\main\AndroidManifest.xml:34:19-76
activity#com.jrmf360.walletlib.ui.IdentityAuthenActivity
ADDED from src\main\AndroidManifest.xml:37:9-38:82
	android:configChanges
		ADDED from src\main\AndroidManifest.xml:38:19-80
	android:name
		ADDED from src\main\AndroidManifest.xml:37:19-81
activity#com.jrmf360.walletlib.ui.UpdatePwdActivity
ADDED from src\main\AndroidManifest.xml:40:9-41:82
	android:configChanges
		ADDED from src\main\AndroidManifest.xml:41:19-80
	android:name
		ADDED from src\main\AndroidManifest.xml:40:19-76
activity#com.jrmf360.walletlib.ui.GetPwdActivity
ADDED from src\main\AndroidManifest.xml:43:9-44:82
	android:configChanges
		ADDED from src\main\AndroidManifest.xml:44:19-80
	android:name
		ADDED from src\main\AndroidManifest.xml:43:19-73
activity#com.jrmf360.walletlib.ui.SupportBankCardActivity
ADDED from src\main\AndroidManifest.xml:46:9-47:82
	android:configChanges
		ADDED from src\main\AndroidManifest.xml:47:19-80
	android:name
		ADDED from src\main\AndroidManifest.xml:46:19-82
activity#com.jrmf360.walletlib.ui.BankSettingActivity
ADDED from src\main\AndroidManifest.xml:49:9-50:82
	android:configChanges
		ADDED from src\main\AndroidManifest.xml:50:19-80
	android:name
		ADDED from src\main\AndroidManifest.xml:49:19-78
activity#com.jrmf360.walletlib.ui.AddCardSecondActivity
ADDED from src\main\AndroidManifest.xml:52:9-53:82
	android:configChanges
		ADDED from src\main\AndroidManifest.xml:53:19-80
	android:name
		ADDED from src\main\AndroidManifest.xml:52:19-80
activity#com.jrmf360.walletlib.ui.AddCardFirstActivity
ADDED from src\main\AndroidManifest.xml:55:9-56:82
	android:configChanges
		ADDED from src\main\AndroidManifest.xml:56:19-80
	android:name
		ADDED from src\main\AndroidManifest.xml:55:19-79
activity#com.jrmf360.walletlib.ui.RechargeActivity
ADDED from src\main\AndroidManifest.xml:58:9-59:82
	android:configChanges
		ADDED from src\main\AndroidManifest.xml:59:19-80
	android:name
		ADDED from src\main\AndroidManifest.xml:58:19-75
activity#com.jrmf360.walletlib.ui.PwdCheckActivity
ADDED from src\main\AndroidManifest.xml:61:9-62:82
	android:configChanges
		ADDED from src\main\AndroidManifest.xml:62:19-80
	android:name
		ADDED from src\main\AndroidManifest.xml:61:19-75
activity#com.jrmf360.walletlib.ui.MyRpActivity
ADDED from src\main\AndroidManifest.xml:64:9-65:82
	android:configChanges
		ADDED from src\main\AndroidManifest.xml:65:19-80
	android:name
		ADDED from src\main\AndroidManifest.xml:64:19-71
activity#com.jrmf360.walletlib.ui.WebViewActivity
ADDED from src\main\AndroidManifest.xml:67:9-68:82
	android:configChanges
		ADDED from src\main\AndroidManifest.xml:68:19-80
	android:name
		ADDED from src\main\AndroidManifest.xml:67:19-74
activity#com.jrmf360.walletlib.ui.TradeDetailActivity
ADDED from src\main\AndroidManifest.xml:70:9-71:82
	android:configChanges
		ADDED from src\main\AndroidManifest.xml:71:19-80
	android:name
		ADDED from src\main\AndroidManifest.xml:70:19-78
activity#com.jrmf360.walletlib.ui.RpDetailActivity
ADDED from src\main\AndroidManifest.xml:73:9-74:82
	android:configChanges
		ADDED from src\main\AndroidManifest.xml:74:19-80
	android:name
		ADDED from src\main\AndroidManifest.xml:73:19-75
uses-sdk
INJECTED from src\main\AndroidManifest.xml reason: use-sdk injection requested
INJECTED from src\main\AndroidManifest.xml
INJECTED from src\main\AndroidManifest.xml
INJECTED from src\main\AndroidManifest.xml
INJECTED from src\main\AndroidManifest.xml
	android:targetSdkVersion
		INJECTED from src\main\AndroidManifest.xml
		ADDED from src\main\AndroidManifest.xml
		INJECTED from src\main\AndroidManifest.xml
	android:minSdkVersion
		INJECTED from src\main\AndroidManifest.xml
		ADDED from src\main\AndroidManifest.xml
		INJECTED from src\main\AndroidManifest.xml